<?xml version="1.0" encoding="UTF-8"?>
<!-- Generated by org.testng.reporters.JUnitXMLReporter -->
<testsuite ignored="0" hostname="FokBook" failures="0" tests="3" name="Regression" time="3.494" errors="0" timestamp="2023-06-06T21:17:23 CEST">
  <testcase classname="test.PostTokenTest" name="checkIfTokenIsValid" time="2.081"/>
  <testcase classname="test.GetStatusTest" name="lessThanTwoSecondsResponseWhenGetStatusTest" time="0.705"/>
  <testcase classname="test.GetStatusTest" name="okWhenGetStatusTest" time="0.676"/>
</testsuite> <!-- Regression -->
