<?xml version="1.0" encoding="UTF-8"?>
<testng-results ignored="0" total="3" passed="3" failed="0" skipped="0">
  <reporter-output>
  </reporter-output>
  <suite started-at="2023-06-06T21:17:19 CEST" name="Regression" finished-at="2023-06-06T21:17:23 CEST" duration-ms="3494">
    <groups>
    </groups>
    <test started-at="2023-06-06T21:17:19 CEST" name="Regression" finished-at="2023-06-06T21:17:23 CEST" duration-ms="3494">
      <class name="test.PostTokenTest">
        <test-method signature="checkIfTokenIsValid()[pri:0, instance:test.PostTokenTest@78aab498]" started-at="2023-06-06T21:17:19 CEST" name="checkIfTokenIsValid" finished-at="2023-06-06T21:17:22 CEST" duration-ms="2081" status="PASS">
          <reporter-output>
          </reporter-output>
        </test-method> <!-- checkIfTokenIsValid -->
      </class> <!-- test.PostTokenTest -->
      <class name="test.GetStatusTest">
        <test-method signature="lessThanTwoSecondsResponseWhenGetStatusTest()[pri:0, instance:test.GetStatusTest@161479c6]" started-at="2023-06-06T21:17:22 CEST" name="lessThanTwoSecondsResponseWhenGetStatusTest" finished-at="2023-06-06T21:17:22 CEST" duration-ms="705" status="PASS">
          <reporter-output>
          </reporter-output>
        </test-method> <!-- lessThanTwoSecondsResponseWhenGetStatusTest -->
        <test-method signature="okWhenGetStatusTest()[pri:0, instance:test.GetStatusTest@161479c6]" started-at="2023-06-06T21:17:22 CEST" name="okWhenGetStatusTest" finished-at="2023-06-06T21:17:23 CEST" duration-ms="676" status="PASS">
          <reporter-output>
          </reporter-output>
        </test-method> <!-- okWhenGetStatusTest -->
      </class> <!-- test.GetStatusTest -->
    </test> <!-- Regression -->
  </suite> <!-- Regression -->
</testng-results>
